{
  "stats": {
    "suites": 0,
    "tests": 1,
    "passes": 1,
    "pending": 0,
    "failures": 0,
    "start": "2024-07-11T18:23:20.254Z",
    "end": "2024-07-11T18:23:22.928Z",
    "duration": 2674,
    "testsRegistered": 1,
    "passPercent": 100,
    "pendingPercent": 0,
    "other": 0,
    "hasOther": false,
    "skipped": 0,
    "hasSkipped": false
  },
  "results": [
    {
      "uuid": "068b3c87-de40-47d7-a3ee-358c30b19c3b",
      "title": "",
      "fullFile": "cypress\\e2e\\Login.cy.js",
      "file": "cypress\\e2e\\Login.cy.js",
      "beforeHooks": [],
      "afterHooks": [],
      "tests": [
        {
          "title": "My 1st Test",
          "fullTitle": "My 1st Test",
          "timedOut": null,
          "duration": 928,
          "state": "passed",
          "speed": "fast",
          "pass": true,
          "fail": false,
          "pending": false,
          "context": null,
          "code": "cy.log(\"Login 1st Test starts\");\ncy.visit(\"https://trytestingthis.netlify.app/\");\ncy.get(\"#uname\").type(\"test\");\ncy.get(\"#pwd\").type(\"test\");\ncy.get(\"[type='submit']\").click();\ncy.log(\"Login 1st Test ends\");",
          "err": {},
          "uuid": "6229d5a9-9dfe-4688-b4aa-f6ac9c41c13c",
          "parentUUID": "068b3c87-de40-47d7-a3ee-358c30b19c3b",
          "isHook": false,
          "skipped": false
        }
      ],
      "suites": [],
      "passes": [
        "6229d5a9-9dfe-4688-b4aa-f6ac9c41c13c"
      ],
      "failures": [],
      "pending": [],
      "skipped": [],
      "duration": 928,
      "root": true,
      "rootEmpty": false,
      "_timeout": 2000
    }
  ],
  "meta": {
    "mocha": {
      "version": "7.0.1"
    },
    "mochawesome": {
      "options": {
        "quiet": false,
        "reportFilename": "mochawesome",
        "saveHtml": false,
        "saveJson": true,
        "consoleReporter": "spec",
        "useInlineDiffs": false,
        "code": true
      },
      "version": "7.1.3"
    },
    "marge": {
      "options": {
        "charts": true,
        "overwrite": false,
        "html": false,
        "json": true,
        "reportDir": "cypress/reports"
      },
      "version": "6.2.0"
    }
  }
}