{
  "stats": {
    "suites": 0,
    "tests": 2,
    "passes": 2,
    "pending": 0,
    "failures": 0,
    "start": "2024-07-14T14:10:55.727Z",
    "end": "2024-07-14T14:11:00.388Z",
    "duration": 4661,
    "testsRegistered": 2,
    "passPercent": 100,
    "pendingPercent": 0,
    "other": 0,
    "hasOther": false,
    "skipped": 0,
    "hasSkipped": false
  },
  "results": [
    {
      "uuid": "c9b23876-faba-461c-8187-55e5c1eeb7e3",
      "title": "",
      "fullFile": "cypress\\e2e\\GoogleSearch.cy.js",
      "file": "cypress\\e2e\\GoogleSearch.cy.js",
      "beforeHooks": [],
      "afterHooks": [],
      "tests": [
        {
          "title": "Google search 1st Test",
          "fullTitle": "Google search 1st Test",
          "timedOut": null,
          "duration": 1830,
          "state": "passed",
          "speed": "fast",
          "pass": true,
          "fail": false,
          "pending": false,
          "context": null,
          "code": "cy.log(\"Google 1st Test starts\");\ncy.visit(\"https://google.com\");\ncy.get('#W0wltc > .QS5gu').click();\ncy.get(\".gLFyf\").type(\"Google 1st Test ends\");\ncy.log(\"Google 1st Test ends\");",
          "err": {},
          "uuid": "85d96d27-c4c7-4f9f-8ef9-2b14f1437d5c",
          "parentUUID": "c9b23876-faba-461c-8187-55e5c1eeb7e3",
          "isHook": false,
          "skipped": false
        },
        {
          "title": "Google search 2st Test",
          "fullTitle": "Google search 2st Test",
          "timedOut": null,
          "duration": 1071,
          "state": "passed",
          "speed": "fast",
          "pass": true,
          "fail": false,
          "pending": false,
          "context": null,
          "code": "cy.log(\"Google 2st Test starts\");\ncy.visit(\"https://google.com\");\ncy.get('#W0wltc > .QS5gu').click();\ncy.get(\".gLFyf\").type(\"Google 2st Test ends\");\ncy.log(\"Google 2st Test ends\");",
          "err": {},
          "uuid": "1d558461-765c-4573-81a4-6f2d15572063",
          "parentUUID": "c9b23876-faba-461c-8187-55e5c1eeb7e3",
          "isHook": false,
          "skipped": false
        }
      ],
      "suites": [],
      "passes": [
        "85d96d27-c4c7-4f9f-8ef9-2b14f1437d5c",
        "1d558461-765c-4573-81a4-6f2d15572063"
      ],
      "failures": [],
      "pending": [],
      "skipped": [],
      "duration": 2901,
      "root": true,
      "rootEmpty": false,
      "_timeout": 2000
    }
  ],
  "meta": {
    "mocha": {
      "version": "7.0.1"
    },
    "mochawesome": {
      "options": {
        "quiet": false,
        "reportFilename": "mochawesome",
        "saveHtml": false,
        "saveJson": true,
        "consoleReporter": "spec",
        "useInlineDiffs": false,
        "code": true
      },
      "version": "7.1.3"
    },
    "marge": {
      "options": {
        "charts": true,
        "overwrite": false,
        "html": false,
        "json": true,
        "reportDir": "cypress/reports"
      },
      "version": "6.2.0"
    }
  }
}