{
  "stats": {
    "suites": 0,
    "tests": 2,
    "passes": 2,
    "pending": 0,
    "failures": 0,
    "start": "2024-07-11T18:23:14.426Z",
    "end": "2024-07-11T18:23:19.039Z",
    "duration": 4613,
    "testsRegistered": 2,
    "passPercent": 100,
    "pendingPercent": 0,
    "other": 0,
    "hasOther": false,
    "skipped": 0,
    "hasSkipped": false
  },
  "results": [
    {
      "uuid": "884f29f5-1220-444a-9465-c38128a3b8e7",
      "title": "",
      "fullFile": "cypress\\e2e\\GoogleSearch.cy.js",
      "file": "cypress\\e2e\\GoogleSearch.cy.js",
      "beforeHooks": [],
      "afterHooks": [],
      "tests": [
        {
          "title": "Google search 1st Test",
          "fullTitle": "Google search 1st Test",
          "timedOut": null,
          "duration": 1885,
          "state": "passed",
          "speed": "fast",
          "pass": true,
          "fail": false,
          "pending": false,
          "context": null,
          "code": "cy.log(\"Google 1st Test starts\");\ncy.visit(\"https://google.com\");\ncy.get('#W0wltc > .QS5gu').click();\ncy.get(\".gLFyf\").type(\"Google 1st Test ends\");\ncy.log(\"Google 1st Test ends\");",
          "err": {},
          "uuid": "d385f155-070d-4812-8a19-0daf1a68cbaf",
          "parentUUID": "884f29f5-1220-444a-9465-c38128a3b8e7",
          "isHook": false,
          "skipped": false
        },
        {
          "title": "Google search 2st Test",
          "fullTitle": "Google search 2st Test",
          "timedOut": null,
          "duration": 954,
          "state": "passed",
          "speed": "fast",
          "pass": true,
          "fail": false,
          "pending": false,
          "context": null,
          "code": "cy.log(\"Google 2st Test starts\");\ncy.visit(\"https://google.com\");\ncy.get('#W0wltc > .QS5gu').click();\ncy.get(\".gLFyf\").type(\"Google 2st Test ends\");\ncy.log(\"Google 2st Test ends\");",
          "err": {},
          "uuid": "ef501e00-fe1b-4db6-a705-fb34aeb2fa02",
          "parentUUID": "884f29f5-1220-444a-9465-c38128a3b8e7",
          "isHook": false,
          "skipped": false
        }
      ],
      "suites": [],
      "passes": [
        "d385f155-070d-4812-8a19-0daf1a68cbaf",
        "ef501e00-fe1b-4db6-a705-fb34aeb2fa02"
      ],
      "failures": [],
      "pending": [],
      "skipped": [],
      "duration": 2839,
      "root": true,
      "rootEmpty": false,
      "_timeout": 2000
    }
  ],
  "meta": {
    "mocha": {
      "version": "7.0.1"
    },
    "mochawesome": {
      "options": {
        "quiet": false,
        "reportFilename": "mochawesome",
        "saveHtml": false,
        "saveJson": true,
        "consoleReporter": "spec",
        "useInlineDiffs": false,
        "code": true
      },
      "version": "7.1.3"
    },
    "marge": {
      "options": {
        "charts": true,
        "overwrite": false,
        "html": false,
        "json": true,
        "reportDir": "cypress/reports"
      },
      "version": "6.2.0"
    }
  }
}